Arguments: 
  /usr/local/bin/node /usr/share/yarn/bin/yarn.js

PATH: 
  /usr/local/sbin:/usr/local/bin:/usr/sbin:/usr/bin:/sbin:/bin:/usr/games:/usr/local/games:/snap/bin:/usr/lib/jvm/java-8-oracle/bin:/usr/lib/jvm/java-8-oracle/db/bin:/usr/lib/jvm/java-8-oracle/jre/bin:.:/opt/scripts/:/opt/Android/Sdk/tools:/opt/Android/Sdk/platform-tools:/opt/android-studio/bin:.

Yarn version: 
  0.20.3

Node version: 
  7.3.0

Platform: 
  linux x64

npm manifest: 
  {
    "name": "aptlanding",
    "version": "0.0.1",
    "description": "A Landing Page for an Apartment",
    "author": "Roy Myers <roymyers@protonmail.com>",
    "scripts": {
      "dev-start": "webpack-dev-server --inline --content-base . --history-api-fallback --host 0.0.0.0",
      "start": "node app.js or webpack -p",
      "test": "echo \"Error: no test specified\" && exit 1"
    },
    "license": "ISC",
    "dependencies": {
      "babel-core": "^6.22.1",
      "babel-preset-es2015": "^6.22.0",
      "babel-preset-react": "^6.22.0",
      "babel-preset-stage-1": "^6.22.0",
      "clipboard": "^1.5.16",
      "express": "^4.14.0",
      "material-ui": "^0.16.5",
      "react": "^15.4.2",
      "react-dom": "^15.4.2",
      "react-icons": "^2.2.2",
      "react-octicon": "^2.0.0",
      "react-router": "^3.0.2",
      "react-sidebar": "^2.2.1",
      "react-tap-event-plugin": "^2.0.1",
      "socket.io": "^1.7.2",
      "webpack": "^1.14.0"
    },
    "devDependencies": {
      "babel-cli": "^6.22.2",
      "babel-core": "^6.20.0",
      "babel-loader": "^6.2.9",
      "babel-preset-es2015": "^6.18.0",
      "babel-preset-react": "^6.16.0",
      "babel-preset-stage-1": "^6.16.0",
      "webpack": "^1.14.0",
      "webpack-dev-server": "^1.14.1"
    }
  }

yarn manifest: 
  No manifest

Lockfile: 
  No lockfile

Trace: 
  Error: EACCES: permission denied, mkdir '/home/roy/developmentProjects/node/aptLanding/node_modules/babel-polyfill/node_modules/core-js'
